Copyright 1986-2019 Xilinx, Inc. All Rights Reserved.
-----------------------------------------------------------------------------------------------------------------------------------------------------------------------
| Tool Version : Vivado v.2019.1 (lin64) Build 2552052 Fri May 24 14:47:09 MDT 2019
| Date         : Wed Sep 18 11:45:06 2019
| Host         : hubble running 64-bit Ubuntu 18.04.3 LTS
| Command      : report_methodology -file top_wrapper_methodology_drc_routed.rpt -pb top_wrapper_methodology_drc_routed.pb -rpx top_wrapper_methodology_drc_routed.rpx
| Design       : top_wrapper
| Device       : xc7a100tcsg324-1
| Speed File   : -1
| Design State : Fully Routed
-----------------------------------------------------------------------------------------------------------------------------------------------------------------------

Report Methodology

Table of Contents
-----------------
1. REPORT SUMMARY
2. REPORT DETAILS

1. REPORT SUMMARY
-----------------
            Netlist: netlist
          Floorplan: design_1
      Design limits: <entire design considered>
             Max violations: <unlimited>
             Violations found: 53
+-----------+------------------+-------------------------------+------------+
| Rule      | Severity         | Description                   | Violations |
+-----------+------------------+-------------------------------+------------+
| TIMING-17 | Critical Warning | Non-clocked sequential cell   | 51         |
| LUTAR-1   | Warning          | LUT drives async reset alert  | 1          |
| TIMING-18 | Warning          | Missing input or output delay | 1          |
+-----------+------------------+-------------------------------+------------+

2. REPORT DETAILS
-----------------
TIMING-17#1 Critical Warning
Non-clocked sequential cell  
The clock pin top_i/demo_0/U0/bcd_count_4_0/cnt0/cnt_reg[0]/C is not reached by a timing clock
Related violations: <none>

TIMING-17#2 Critical Warning
Non-clocked sequential cell  
The clock pin top_i/demo_0/U0/bcd_count_4_0/cnt0/cnt_reg[1]/C is not reached by a timing clock
Related violations: <none>

TIMING-17#3 Critical Warning
Non-clocked sequential cell  
The clock pin top_i/demo_0/U0/bcd_count_4_0/cnt0/cnt_reg[2]/C is not reached by a timing clock
Related violations: <none>

TIMING-17#4 Critical Warning
Non-clocked sequential cell  
The clock pin top_i/demo_0/U0/bcd_count_4_0/cnt0/cnt_reg[3]/C is not reached by a timing clock
Related violations: <none>

TIMING-17#5 Critical Warning
Non-clocked sequential cell  
The clock pin top_i/demo_0/U0/bcd_count_4_0/cnt1/cnt_reg[0]/C is not reached by a timing clock
Related violations: <none>

TIMING-17#6 Critical Warning
Non-clocked sequential cell  
The clock pin top_i/demo_0/U0/bcd_count_4_0/cnt1/cnt_reg[1]/C is not reached by a timing clock
Related violations: <none>

TIMING-17#7 Critical Warning
Non-clocked sequential cell  
The clock pin top_i/demo_0/U0/bcd_count_4_0/cnt1/cnt_reg[2]/C is not reached by a timing clock
Related violations: <none>

TIMING-17#8 Critical Warning
Non-clocked sequential cell  
The clock pin top_i/demo_0/U0/bcd_count_4_0/cnt1/cnt_reg[3]/C is not reached by a timing clock
Related violations: <none>

TIMING-17#9 Critical Warning
Non-clocked sequential cell  
The clock pin top_i/demo_0/U0/bcd_count_4_0/cnt2/cnt_reg[0]/C is not reached by a timing clock
Related violations: <none>

TIMING-17#10 Critical Warning
Non-clocked sequential cell  
The clock pin top_i/demo_0/U0/bcd_count_4_0/cnt2/cnt_reg[1]/C is not reached by a timing clock
Related violations: <none>

TIMING-17#11 Critical Warning
Non-clocked sequential cell  
The clock pin top_i/demo_0/U0/bcd_count_4_0/cnt2/cnt_reg[2]/C is not reached by a timing clock
Related violations: <none>

TIMING-17#12 Critical Warning
Non-clocked sequential cell  
The clock pin top_i/demo_0/U0/bcd_count_4_0/cnt2/cnt_reg[3]/C is not reached by a timing clock
Related violations: <none>

TIMING-17#13 Critical Warning
Non-clocked sequential cell  
The clock pin top_i/demo_0/U0/bcd_count_4_0/cnt3/cnt_reg[0]/C is not reached by a timing clock
Related violations: <none>

TIMING-17#14 Critical Warning
Non-clocked sequential cell  
The clock pin top_i/demo_0/U0/bcd_count_4_0/cnt3/cnt_reg[1]/C is not reached by a timing clock
Related violations: <none>

TIMING-17#15 Critical Warning
Non-clocked sequential cell  
The clock pin top_i/demo_0/U0/bcd_count_4_0/cnt3/cnt_reg[2]/C is not reached by a timing clock
Related violations: <none>

TIMING-17#16 Critical Warning
Non-clocked sequential cell  
The clock pin top_i/demo_0/U0/bcd_count_4_0/cnt3/cnt_reg[3]/C is not reached by a timing clock
Related violations: <none>

TIMING-17#17 Critical Warning
Non-clocked sequential cell  
The clock pin top_i/demo_0/U0/clk_1hz_gen/clk_int_reg/C is not reached by a timing clock
Related violations: <none>

TIMING-17#18 Critical Warning
Non-clocked sequential cell  
The clock pin top_i/demo_0/U0/clk_1hz_gen/counter_reg[0]/C is not reached by a timing clock
Related violations: <none>

TIMING-17#19 Critical Warning
Non-clocked sequential cell  
The clock pin top_i/demo_0/U0/clk_1hz_gen/counter_reg[10]/C is not reached by a timing clock
Related violations: <none>

TIMING-17#20 Critical Warning
Non-clocked sequential cell  
The clock pin top_i/demo_0/U0/clk_1hz_gen/counter_reg[11]/C is not reached by a timing clock
Related violations: <none>

TIMING-17#21 Critical Warning
Non-clocked sequential cell  
The clock pin top_i/demo_0/U0/clk_1hz_gen/counter_reg[12]/C is not reached by a timing clock
Related violations: <none>

TIMING-17#22 Critical Warning
Non-clocked sequential cell  
The clock pin top_i/demo_0/U0/clk_1hz_gen/counter_reg[13]/C is not reached by a timing clock
Related violations: <none>

TIMING-17#23 Critical Warning
Non-clocked sequential cell  
The clock pin top_i/demo_0/U0/clk_1hz_gen/counter_reg[14]/C is not reached by a timing clock
Related violations: <none>

TIMING-17#24 Critical Warning
Non-clocked sequential cell  
The clock pin top_i/demo_0/U0/clk_1hz_gen/counter_reg[15]/C is not reached by a timing clock
Related violations: <none>

TIMING-17#25 Critical Warning
Non-clocked sequential cell  
The clock pin top_i/demo_0/U0/clk_1hz_gen/counter_reg[16]/C is not reached by a timing clock
Related violations: <none>

TIMING-17#26 Critical Warning
Non-clocked sequential cell  
The clock pin top_i/demo_0/U0/clk_1hz_gen/counter_reg[17]/C is not reached by a timing clock
Related violations: <none>

TIMING-17#27 Critical Warning
Non-clocked sequential cell  
The clock pin top_i/demo_0/U0/clk_1hz_gen/counter_reg[18]/C is not reached by a timing clock
Related violations: <none>

TIMING-17#28 Critical Warning
Non-clocked sequential cell  
The clock pin top_i/demo_0/U0/clk_1hz_gen/counter_reg[19]/C is not reached by a timing clock
Related violations: <none>

TIMING-17#29 Critical Warning
Non-clocked sequential cell  
The clock pin top_i/demo_0/U0/clk_1hz_gen/counter_reg[1]/C is not reached by a timing clock
Related violations: <none>

TIMING-17#30 Critical Warning
Non-clocked sequential cell  
The clock pin top_i/demo_0/U0/clk_1hz_gen/counter_reg[20]/C is not reached by a timing clock
Related violations: <none>

TIMING-17#31 Critical Warning
Non-clocked sequential cell  
The clock pin top_i/demo_0/U0/clk_1hz_gen/counter_reg[21]/C is not reached by a timing clock
Related violations: <none>

TIMING-17#32 Critical Warning
Non-clocked sequential cell  
The clock pin top_i/demo_0/U0/clk_1hz_gen/counter_reg[22]/C is not reached by a timing clock
Related violations: <none>

TIMING-17#33 Critical Warning
Non-clocked sequential cell  
The clock pin top_i/demo_0/U0/clk_1hz_gen/counter_reg[23]/C is not reached by a timing clock
Related violations: <none>

TIMING-17#34 Critical Warning
Non-clocked sequential cell  
The clock pin top_i/demo_0/U0/clk_1hz_gen/counter_reg[24]/C is not reached by a timing clock
Related violations: <none>

TIMING-17#35 Critical Warning
Non-clocked sequential cell  
The clock pin top_i/demo_0/U0/clk_1hz_gen/counter_reg[25]/C is not reached by a timing clock
Related violations: <none>

TIMING-17#36 Critical Warning
Non-clocked sequential cell  
The clock pin top_i/demo_0/U0/clk_1hz_gen/counter_reg[26]/C is not reached by a timing clock
Related violations: <none>

TIMING-17#37 Critical Warning
Non-clocked sequential cell  
The clock pin top_i/demo_0/U0/clk_1hz_gen/counter_reg[27]/C is not reached by a timing clock
Related violations: <none>

TIMING-17#38 Critical Warning
Non-clocked sequential cell  
The clock pin top_i/demo_0/U0/clk_1hz_gen/counter_reg[28]/C is not reached by a timing clock
Related violations: <none>

TIMING-17#39 Critical Warning
Non-clocked sequential cell  
The clock pin top_i/demo_0/U0/clk_1hz_gen/counter_reg[29]/C is not reached by a timing clock
Related violations: <none>

TIMING-17#40 Critical Warning
Non-clocked sequential cell  
The clock pin top_i/demo_0/U0/clk_1hz_gen/counter_reg[2]/C is not reached by a timing clock
Related violations: <none>

TIMING-17#41 Critical Warning
Non-clocked sequential cell  
The clock pin top_i/demo_0/U0/clk_1hz_gen/counter_reg[30]/C is not reached by a timing clock
Related violations: <none>

TIMING-17#42 Critical Warning
Non-clocked sequential cell  
The clock pin top_i/demo_0/U0/clk_1hz_gen/counter_reg[31]/C is not reached by a timing clock
Related violations: <none>

TIMING-17#43 Critical Warning
Non-clocked sequential cell  
The clock pin top_i/demo_0/U0/clk_1hz_gen/counter_reg[3]/C is not reached by a timing clock
Related violations: <none>

TIMING-17#44 Critical Warning
Non-clocked sequential cell  
The clock pin top_i/demo_0/U0/clk_1hz_gen/counter_reg[4]/C is not reached by a timing clock
Related violations: <none>

TIMING-17#45 Critical Warning
Non-clocked sequential cell  
The clock pin top_i/demo_0/U0/clk_1hz_gen/counter_reg[5]/C is not reached by a timing clock
Related violations: <none>

TIMING-17#46 Critical Warning
Non-clocked sequential cell  
The clock pin top_i/demo_0/U0/clk_1hz_gen/counter_reg[6]/C is not reached by a timing clock
Related violations: <none>

TIMING-17#47 Critical Warning
Non-clocked sequential cell  
The clock pin top_i/demo_0/U0/clk_1hz_gen/counter_reg[7]/C is not reached by a timing clock
Related violations: <none>

TIMING-17#48 Critical Warning
Non-clocked sequential cell  
The clock pin top_i/demo_0/U0/clk_1hz_gen/counter_reg[8]/C is not reached by a timing clock
Related violations: <none>

TIMING-17#49 Critical Warning
Non-clocked sequential cell  
The clock pin top_i/demo_0/U0/clk_1hz_gen/counter_reg[9]/C is not reached by a timing clock
Related violations: <none>

TIMING-17#50 Critical Warning
Non-clocked sequential cell  
The clock pin top_i/demo_0/U0/kw4_281_drv_0/active_reg[0]/C is not reached by a timing clock
Related violations: <none>

TIMING-17#51 Critical Warning
Non-clocked sequential cell  
The clock pin top_i/demo_0/U0/kw4_281_drv_0/active_reg[1]/C is not reached by a timing clock
Related violations: <none>

LUTAR-1#1 Warning
LUT drives async reset alert  
LUT cell top_i/demo_0/U0/clk_1hz_gen/counter[31]_i_2, with 2 or more inputs, drives asynchronous preset/clear pin(s) top_i/demo_0/U0/clk_1hz_gen/counter_reg[0]/CLR, top_i/demo_0/U0/clk_1hz_gen/counter_reg[10]/CLR, top_i/demo_0/U0/clk_1hz_gen/counter_reg[11]/CLR, top_i/demo_0/U0/clk_1hz_gen/counter_reg[12]/CLR, top_i/demo_0/U0/clk_1hz_gen/counter_reg[13]/CLR, top_i/demo_0/U0/clk_1hz_gen/counter_reg[14]/CLR, top_i/demo_0/U0/clk_1hz_gen/counter_reg[15]/CLR, top_i/demo_0/U0/clk_1hz_gen/counter_reg[16]/CLR, top_i/demo_0/U0/clk_1hz_gen/counter_reg[17]/CLR, top_i/demo_0/U0/clk_1hz_gen/counter_reg[18]/CLR, top_i/demo_0/U0/clk_1hz_gen/counter_reg[19]/CLR, top_i/demo_0/U0/clk_1hz_gen/counter_reg[1]/CLR, top_i/demo_0/U0/clk_1hz_gen/counter_reg[20]/CLR, top_i/demo_0/U0/clk_1hz_gen/counter_reg[21]/CLR, top_i/demo_0/U0/clk_1hz_gen/counter_reg[22]/CLR (the first 15 of 33 listed). The LUT may glitch and trigger an unexpected reset, even if it is a properly timed path.
Related violations: <none>

TIMING-18#1 Warning
Missing input or output delay  
An input delay is missing on reset relative to clock(s) sys_clk_pin
Related violations: <none>


